[1/13] Building C object esp-idf/bme280/CMakeFiles/__idf_bme280.dir/bme280_support.c.obj
FAILED: esp-idf/bme280/CMakeFiles/__idf_bme280.dir/bme280_support.c.obj 
ccache C:\Users\tquoc\.rustup\toolchains\esp\xtensa-esp32-elf\esp-12.2.0_20230208\xtensa-esp32-elf\bin\xtensa-esp32-elf-gcc.exe -DESP_PLATFORM -DIDF_VER=\"v5.1.1\" -DSOC_MMU_PAGE_SIZE=CONFIG_MMU_PAGE_SIZE -D_GNU_SOURCE -D_POSIX_READER_WRITER_LOCKS -ID:/ESP32_IDF_ESPRESSIF/Projects/BME280_Test_library_ver2/build/config -ID:/ESP32_IDF_ESPRESSIF/Projects/BME280_Test_library_ver2/components/bme280/include -ID:/ESP32_IDF_ESPRESSIF/components/newlib/platform_include -ID:/ESP32_IDF_ESPRESSIF/components/freertos/FreeRTOS-Kernel/include -ID:/ESP32_IDF_ESPRESSIF/components/freertos/FreeRTOS-Kernel/portable/xtensa/include -ID:/ESP32_IDF_ESPRESSIF/components/freertos/esp_additions/include/freertos -ID:/ESP32_IDF_ESPRESSIF/components/freertos/esp_additions/include -ID:/ESP32_IDF_ESPRESSIF/components/freertos/esp_additions/arch/xtensa/include -ID:/ESP32_IDF_ESPRESSIF/components/esp_hw_support/include -ID:/ESP32_IDF_ESPRESSIF/components/esp_hw_support/include/soc -ID:/ESP32_IDF_ESPRESSIF/components/esp_hw_support/include/soc/esp32 -ID:/ESP32_IDF_ESPRESSIF/components/esp_hw_support/port/esp32/. -ID:/ESP32_IDF_ESPRESSIF/components/esp_hw_support/port/esp32/private_include -ID:/ESP32_IDF_ESPRESSIF/components/heap/include -ID:/ESP32_IDF_ESPRESSIF/components/log/include -ID:/ESP32_IDF_ESPRESSIF/components/soc/include -ID:/ESP32_IDF_ESPRESSIF/components/soc/esp32 -ID:/ESP32_IDF_ESPRESSIF/components/soc/esp32/include -ID:/ESP32_IDF_ESPRESSIF/components/hal/esp32/include -ID:/ESP32_IDF_ESPRESSIF/components/hal/include -ID:/ESP32_IDF_ESPRESSIF/components/hal/platform_port/include -ID:/ESP32_IDF_ESPRESSIF/components/esp_rom/include -ID:/ESP32_IDF_ESPRESSIF/components/esp_rom/include/esp32 -ID:/ESP32_IDF_ESPRESSIF/components/esp_rom/esp32 -ID:/ESP32_IDF_ESPRESSIF/components/esp_common/include -ID:/ESP32_IDF_ESPRESSIF/components/esp_system/include -ID:/ESP32_IDF_ESPRESSIF/components/esp_system/port/soc -ID:/ESP32_IDF_ESPRESSIF/components/esp_system/port/include/private -ID:/ESP32_IDF_ESPRESSIF/components/xtensa/include -ID:/ESP32_IDF_ESPRESSIF/components/xtensa/esp32/include -ID:/ESP32_IDF_ESPRESSIF/components/lwip/include -ID:/ESP32_IDF_ESPRESSIF/components/lwip/include/apps -ID:/ESP32_IDF_ESPRESSIF/components/lwip/include/apps/sntp -ID:/ESP32_IDF_ESPRESSIF/components/lwip/lwip/src/include -ID:/ESP32_IDF_ESPRESSIF/components/lwip/port/include -ID:/ESP32_IDF_ESPRESSIF/components/lwip/port/freertos/include -ID:/ESP32_IDF_ESPRESSIF/components/lwip/port/esp32xx/include -ID:/ESP32_IDF_ESPRESSIF/components/lwip/port/esp32xx/include/arch -mlongcalls -Wno-frame-address  -fdiagnostics-color=always -ffunction-sections -fdata-sections -Wall -Werror=all -Wno-error=unused-function -Wno-error=unused-variable -Wno-error=unused-but-set-variable -Wno-error=deprecated-declarations -Wextra -Wno-unused-parameter -Wno-sign-compare -Wno-enum-conversion -gdwarf-4 -ggdb -Og -fmacro-prefix-map=D:/ESP32_IDF_ESPRESSIF/Projects/BME280_Test_library_ver2=. -fmacro-prefix-map=D:/ESP32_IDF_ESPRESSIF=/IDF -fstrict-volatile-bitfields -fno-jump-tables -fno-tree-switch-conversion -DconfigENABLE_FREERTOS_DEBUG_OCDAWARE=1 -std=gnu17 -Wno-old-style-declaration -MD -MT esp-idf/bme280/CMakeFiles/__idf_bme280.dir/bme280_support.c.obj -MF esp-idf\bme280\CMakeFiles\__idf_bme280.dir\bme280_support.c.obj.d -o esp-idf/bme280/CMakeFiles/__idf_bme280.dir/bme280_support.c.obj -c D:/ESP32_IDF_ESPRESSIF/Projects/BME280_Test_library_ver2/components/bme280/bme280_support.c
D:/ESP32_IDF_ESPRESSIF/Projects/BME280_Test_library_ver2/components/bme280/bme280_support.c:55:10: fatal error: bme280.h: No such file or directory
   55 | #include "bme280.h"
      |          ^~~~~~~~~~
compilation terminated.
[2/13] Performing build step for 'bootloader'
[1/1] cmd.exe /C "cd /D D:\ESP32_IDF_ESPRESSIF\Projects\BME280_Test_library_ver2\build\bootloader\esp-idf\esptool_py && C:\Espressif\python_env\idf5.1_py3.11_env\Scripts\python.exe D:/ESP32_IDF_ESPRESSIF/components/partition_table/check_sizes.py --offset 0x8000 bootloader 0x1000 D:/ESP32_IDF_ESPRESSIF/Projects/BME280_Test_library_ver2/build/bootloader/bootloader.bin"
Bootloader binary size 0x6810 bytes. 0x7f0 bytes (7%) free.
[3/11] Building C object esp-idf/bme280/CMakeFiles/__idf_bme280.dir/bme.c.obj
FAILED: esp-idf/bme280/CMakeFiles/__idf_bme280.dir/bme.c.obj 
ccache C:\Users\tquoc\.rustup\toolchains\esp\xtensa-esp32-elf\esp-12.2.0_20230208\xtensa-esp32-elf\bin\xtensa-esp32-elf-gcc.exe -DESP_PLATFORM -DIDF_VER=\"v5.1.1\" -DSOC_MMU_PAGE_SIZE=CONFIG_MMU_PAGE_SIZE -D_GNU_SOURCE -D_POSIX_READER_WRITER_LOCKS -ID:/ESP32_IDF_ESPRESSIF/Projects/BME280_Test_library_ver2/build/config -ID:/ESP32_IDF_ESPRESSIF/Projects/BME280_Test_library_ver2/components/bme280/include -ID:/ESP32_IDF_ESPRESSIF/components/newlib/platform_include -ID:/ESP32_IDF_ESPRESSIF/components/freertos/FreeRTOS-Kernel/include -ID:/ESP32_IDF_ESPRESSIF/components/freertos/FreeRTOS-Kernel/portable/xtensa/include -ID:/ESP32_IDF_ESPRESSIF/components/freertos/esp_additions/include/freertos -ID:/ESP32_IDF_ESPRESSIF/components/freertos/esp_additions/include -ID:/ESP32_IDF_ESPRESSIF/components/freertos/esp_additions/arch/xtensa/include -ID:/ESP32_IDF_ESPRESSIF/components/esp_hw_support/include -ID:/ESP32_IDF_ESPRESSIF/components/esp_hw_support/include/soc -ID:/ESP32_IDF_ESPRESSIF/components/esp_hw_support/include/soc/esp32 -ID:/ESP32_IDF_ESPRESSIF/components/esp_hw_support/port/esp32/. -ID:/ESP32_IDF_ESPRESSIF/components/esp_hw_support/port/esp32/private_include -ID:/ESP32_IDF_ESPRESSIF/components/heap/include -ID:/ESP32_IDF_ESPRESSIF/components/log/include -ID:/ESP32_IDF_ESPRESSIF/components/soc/include -ID:/ESP32_IDF_ESPRESSIF/components/soc/esp32 -ID:/ESP32_IDF_ESPRESSIF/components/soc/esp32/include -ID:/ESP32_IDF_ESPRESSIF/components/hal/esp32/include -ID:/ESP32_IDF_ESPRESSIF/components/hal/include -ID:/ESP32_IDF_ESPRESSIF/components/hal/platform_port/include -ID:/ESP32_IDF_ESPRESSIF/components/esp_rom/include -ID:/ESP32_IDF_ESPRESSIF/components/esp_rom/include/esp32 -ID:/ESP32_IDF_ESPRESSIF/components/esp_rom/esp32 -ID:/ESP32_IDF_ESPRESSIF/components/esp_common/include -ID:/ESP32_IDF_ESPRESSIF/components/esp_system/include -ID:/ESP32_IDF_ESPRESSIF/components/esp_system/port/soc -ID:/ESP32_IDF_ESPRESSIF/components/esp_system/port/include/private -ID:/ESP32_IDF_ESPRESSIF/components/xtensa/include -ID:/ESP32_IDF_ESPRESSIF/components/xtensa/esp32/include -ID:/ESP32_IDF_ESPRESSIF/components/lwip/include -ID:/ESP32_IDF_ESPRESSIF/components/lwip/include/apps -ID:/ESP32_IDF_ESPRESSIF/components/lwip/include/apps/sntp -ID:/ESP32_IDF_ESPRESSIF/components/lwip/lwip/src/include -ID:/ESP32_IDF_ESPRESSIF/components/lwip/port/include -ID:/ESP32_IDF_ESPRESSIF/components/lwip/port/freertos/include -ID:/ESP32_IDF_ESPRESSIF/components/lwip/port/esp32xx/include -ID:/ESP32_IDF_ESPRESSIF/components/lwip/port/esp32xx/include/arch -mlongcalls -Wno-frame-address  -fdiagnostics-color=always -ffunction-sections -fdata-sections -Wall -Werror=all -Wno-error=unused-function -Wno-error=unused-variable -Wno-error=unused-but-set-variable -Wno-error=deprecated-declarations -Wextra -Wno-unused-parameter -Wno-sign-compare -Wno-enum-conversion -gdwarf-4 -ggdb -Og -fmacro-prefix-map=D:/ESP32_IDF_ESPRESSIF/Projects/BME280_Test_library_ver2=. -fmacro-prefix-map=D:/ESP32_IDF_ESPRESSIF=/IDF -fstrict-volatile-bitfields -fno-jump-tables -fno-tree-switch-conversion -DconfigENABLE_FREERTOS_DEBUG_OCDAWARE=1 -std=gnu17 -Wno-old-style-declaration -MD -MT esp-idf/bme280/CMakeFiles/__idf_bme280.dir/bme.c.obj -MF esp-idf\bme280\CMakeFiles\__idf_bme280.dir\bme.c.obj.d -o esp-idf/bme280/CMakeFiles/__idf_bme280.dir/bme.c.obj -c D:/ESP32_IDF_ESPRESSIF/Projects/BME280_Test_library_ver2/components/bme280/bme.c
D:/ESP32_IDF_ESPRESSIF/Projects/BME280_Test_library_ver2/components/bme280/bme.c:12:10: fatal error: driver/i2c.h: No such file or directory
   12 | #include "driver/i2c.h"
      |          ^~~~~~~~~~~~~~
compilation terminated.
[4/11] Building C object esp-idf/main/CMakeFiles/__idf_main.dir/main.c.obj
ninja: build stopped: subcommand failed.
